<?xml version="1.0" encoding="UTF-8"?>
<testsuite xmlns:xsi="http://www.w3.org/2001/XMLSchema-instance" xsi:noNamespaceSchemaLocation="https://maven.apache.org/surefire/maven-surefire-plugin/xsd/surefire-test-report.xsd" name="com.example.demo.DemoApplicationTests" time="1.369" tests="1" errors="0" skipped="0" failures="0">
  <properties>
    <property name="sun.desktop" value="windows"/>
    <property name="awt.toolkit" value="sun.awt.windows.WToolkit"/>
    <property name="file.encoding.pkg" value="sun.io"/>
    <property name="java.specification.version" value="1.8"/>
    <property name="sun.cpu.isalist" value="amd64"/>
    <property name="sun.jnu.encoding" value="GBK"/>
    <property name="java.class.path" value="F:\Workspace\demo\target\test-classes;F:\Workspace\demo\target\classes;F:\MAVEN\repository\org\springframework\boot\spring-boot-starter-web\2.5.5\spring-boot-starter-web-2.5.5.jar;F:\MAVEN\repository\org\springframework\boot\spring-boot-starter\2.5.5\spring-boot-starter-2.5.5.jar;F:\MAVEN\repository\org\springframework\boot\spring-boot\2.5.5\spring-boot-2.5.5.jar;F:\MAVEN\repository\org\springframework\boot\spring-boot-autoconfigure\2.5.5\spring-boot-autoconfigure-2.5.5.jar;F:\MAVEN\repository\org\springframework\boot\spring-boot-starter-logging\2.5.5\spring-boot-starter-logging-2.5.5.jar;F:\MAVEN\repository\ch\qos\logback\logback-classic\1.2.6\logback-classic-1.2.6.jar;F:\MAVEN\repository\ch\qos\logback\logback-core\1.2.6\logback-core-1.2.6.jar;F:\MAVEN\repository\org\apache\logging\log4j\log4j-to-slf4j\2.14.1\log4j-to-slf4j-2.14.1.jar;F:\MAVEN\repository\org\apache\logging\log4j\log4j-api\2.14.1\log4j-api-2.14.1.jar;F:\MAVEN\repository\org\slf4j\jul-to-slf4j\1.7.32\jul-to-slf4j-1.7.32.jar;F:\MAVEN\repository\jakarta\annotation\jakarta.annotation-api\1.3.5\jakarta.annotation-api-1.3.5.jar;F:\MAVEN\repository\org\yaml\snakeyaml\1.28\snakeyaml-1.28.jar;F:\MAVEN\repository\org\springframework\boot\spring-boot-starter-json\2.5.5\spring-boot-starter-json-2.5.5.jar;F:\MAVEN\repository\com\fasterxml\jackson\core\jackson-databind\2.12.5\jackson-databind-2.12.5.jar;F:\MAVEN\repository\com\fasterxml\jackson\core\jackson-annotations\2.12.5\jackson-annotations-2.12.5.jar;F:\MAVEN\repository\com\fasterxml\jackson\core\jackson-core\2.12.5\jackson-core-2.12.5.jar;F:\MAVEN\repository\com\fasterxml\jackson\datatype\jackson-datatype-jdk8\2.12.5\jackson-datatype-jdk8-2.12.5.jar;F:\MAVEN\repository\com\fasterxml\jackson\datatype\jackson-datatype-jsr310\2.12.5\jackson-datatype-jsr310-2.12.5.jar;F:\MAVEN\repository\com\fasterxml\jackson\module\jackson-module-parameter-names\2.12.5\jackson-module-parameter-names-2.12.5.jar;F:\MAVEN\repository\org\springframework\boot\spring-boot-starter-tomcat\2.5.5\spring-boot-starter-tomcat-2.5.5.jar;F:\MAVEN\repository\org\apache\tomcat\embed\tomcat-embed-core\9.0.53\tomcat-embed-core-9.0.53.jar;F:\MAVEN\repository\org\apache\tomcat\embed\tomcat-embed-el\9.0.53\tomcat-embed-el-9.0.53.jar;F:\MAVEN\repository\org\apache\tomcat\embed\tomcat-embed-websocket\9.0.53\tomcat-embed-websocket-9.0.53.jar;F:\MAVEN\repository\org\springframework\spring-web\5.3.10\spring-web-5.3.10.jar;F:\MAVEN\repository\org\springframework\spring-beans\5.3.10\spring-beans-5.3.10.jar;F:\MAVEN\repository\org\springframework\spring-webmvc\5.3.10\spring-webmvc-5.3.10.jar;F:\MAVEN\repository\org\springframework\spring-aop\5.3.10\spring-aop-5.3.10.jar;F:\MAVEN\repository\org\springframework\spring-context\5.3.10\spring-context-5.3.10.jar;F:\MAVEN\repository\org\springframework\spring-expression\5.3.10\spring-expression-5.3.10.jar;F:\MAVEN\repository\org\projectlombok\lombok\1.18.20\lombok-1.18.20.jar;F:\MAVEN\repository\org\springframework\boot\spring-boot-starter-test\2.5.5\spring-boot-starter-test-2.5.5.jar;F:\MAVEN\repository\org\springframework\boot\spring-boot-test\2.5.5\spring-boot-test-2.5.5.jar;F:\MAVEN\repository\org\springframework\boot\spring-boot-test-autoconfigure\2.5.5\spring-boot-test-autoconfigure-2.5.5.jar;F:\MAVEN\repository\com\jayway\jsonpath\json-path\2.5.0\json-path-2.5.0.jar;F:\MAVEN\repository\net\minidev\json-smart\2.4.7\json-smart-2.4.7.jar;F:\MAVEN\repository\net\minidev\accessors-smart\2.4.7\accessors-smart-2.4.7.jar;F:\MAVEN\repository\org\ow2\asm\asm\9.1\asm-9.1.jar;F:\MAVEN\repository\org\slf4j\slf4j-api\1.7.32\slf4j-api-1.7.32.jar;F:\MAVEN\repository\jakarta\xml\bind\jakarta.xml.bind-api\2.3.3\jakarta.xml.bind-api-2.3.3.jar;F:\MAVEN\repository\jakarta\activation\jakarta.activation-api\1.2.2\jakarta.activation-api-1.2.2.jar;F:\MAVEN\repository\org\assertj\assertj-core\3.19.0\assertj-core-3.19.0.jar;F:\MAVEN\repository\org\hamcrest\hamcrest\2.2\hamcrest-2.2.jar;F:\MAVEN\repository\org\junit\jupiter\junit-jupiter\5.7.2\junit-jupiter-5.7.2.jar;F:\MAVEN\repository\org\junit\jupiter\junit-jupiter-api\5.7.2\junit-jupiter-api-5.7.2.jar;F:\MAVEN\repository\org\apiguardian\apiguardian-api\1.1.0\apiguardian-api-1.1.0.jar;F:\MAVEN\repository\org\opentest4j\opentest4j\1.2.0\opentest4j-1.2.0.jar;F:\MAVEN\repository\org\junit\platform\junit-platform-commons\1.7.2\junit-platform-commons-1.7.2.jar;F:\MAVEN\repository\org\junit\jupiter\junit-jupiter-params\5.7.2\junit-jupiter-params-5.7.2.jar;F:\MAVEN\repository\org\junit\jupiter\junit-jupiter-engine\5.7.2\junit-jupiter-engine-5.7.2.jar;F:\MAVEN\repository\org\junit\platform\junit-platform-engine\1.7.2\junit-platform-engine-1.7.2.jar;F:\MAVEN\repository\org\mockito\mockito-core\3.9.0\mockito-core-3.9.0.jar;F:\MAVEN\repository\net\bytebuddy\byte-buddy\1.10.22\byte-buddy-1.10.22.jar;F:\MAVEN\repository\net\bytebuddy\byte-buddy-agent\1.10.22\byte-buddy-agent-1.10.22.jar;F:\MAVEN\repository\org\objenesis\objenesis\3.2\objenesis-3.2.jar;F:\MAVEN\repository\org\mockito\mockito-junit-jupiter\3.9.0\mockito-junit-jupiter-3.9.0.jar;F:\MAVEN\repository\org\skyscreamer\jsonassert\1.5.0\jsonassert-1.5.0.jar;F:\MAVEN\repository\com\vaadin\external\google\android-json\0.0.20131108.vaadin1\android-json-0.0.20131108.vaadin1.jar;F:\MAVEN\repository\org\springframework\spring-core\5.3.10\spring-core-5.3.10.jar;F:\MAVEN\repository\org\springframework\spring-jcl\5.3.10\spring-jcl-5.3.10.jar;F:\MAVEN\repository\org\springframework\spring-test\5.3.10\spring-test-5.3.10.jar;F:\MAVEN\repository\org\xmlunit\xmlunit-core\2.8.2\xmlunit-core-2.8.2.jar;"/>
    <property name="java.vm.vendor" value="Oracle Corporation"/>
    <property name="sun.arch.data.model" value="64"/>
    <property name="user.variant" value=""/>
    <property name="java.vendor.url" value="http://java.oracle.com/"/>
    <property name="user.timezone" value="Asia/Shanghai"/>
    <property name="java.vm.specification.version" value="1.8"/>
    <property name="os.name" value="Windows 10"/>
    <property name="user.country" value="CN"/>
    <property name="sun.java.launcher" value="SUN_STANDARD"/>
    <property name="sun.boot.library.path" value="D:\JDK\jre\bin"/>
    <property name="sun.java.command" value="C:\Users\wyf35\AppData\Local\Temp\surefire5513886688339693018\surefirebooter9188853154274630218.jar C:\Users\wyf35\AppData\Local\Temp\surefire5513886688339693018 2021-09-29T21-46-36_016-jvmRun1 surefire80472224834875580tmp surefire_07394927435953105218tmp"/>
    <property name="surefire.test.class.path" value="F:\Workspace\demo\target\test-classes;F:\Workspace\demo\target\classes;F:\MAVEN\repository\org\springframework\boot\spring-boot-starter-web\2.5.5\spring-boot-starter-web-2.5.5.jar;F:\MAVEN\repository\org\springframework\boot\spring-boot-starter\2.5.5\spring-boot-starter-2.5.5.jar;F:\MAVEN\repository\org\springframework\boot\spring-boot\2.5.5\spring-boot-2.5.5.jar;F:\MAVEN\repository\org\springframework\boot\spring-boot-autoconfigure\2.5.5\spring-boot-autoconfigure-2.5.5.jar;F:\MAVEN\repository\org\springframework\boot\spring-boot-starter-logging\2.5.5\spring-boot-starter-logging-2.5.5.jar;F:\MAVEN\repository\ch\qos\logback\logback-classic\1.2.6\logback-classic-1.2.6.jar;F:\MAVEN\repository\ch\qos\logback\logback-core\1.2.6\logback-core-1.2.6.jar;F:\MAVEN\repository\org\apache\logging\log4j\log4j-to-slf4j\2.14.1\log4j-to-slf4j-2.14.1.jar;F:\MAVEN\repository\org\apache\logging\log4j\log4j-api\2.14.1\log4j-api-2.14.1.jar;F:\MAVEN\repository\org\slf4j\jul-to-slf4j\1.7.32\jul-to-slf4j-1.7.32.jar;F:\MAVEN\repository\jakarta\annotation\jakarta.annotation-api\1.3.5\jakarta.annotation-api-1.3.5.jar;F:\MAVEN\repository\org\yaml\snakeyaml\1.28\snakeyaml-1.28.jar;F:\MAVEN\repository\org\springframework\boot\spring-boot-starter-json\2.5.5\spring-boot-starter-json-2.5.5.jar;F:\MAVEN\repository\com\fasterxml\jackson\core\jackson-databind\2.12.5\jackson-databind-2.12.5.jar;F:\MAVEN\repository\com\fasterxml\jackson\core\jackson-annotations\2.12.5\jackson-annotations-2.12.5.jar;F:\MAVEN\repository\com\fasterxml\jackson\core\jackson-core\2.12.5\jackson-core-2.12.5.jar;F:\MAVEN\repository\com\fasterxml\jackson\datatype\jackson-datatype-jdk8\2.12.5\jackson-datatype-jdk8-2.12.5.jar;F:\MAVEN\repository\com\fasterxml\jackson\datatype\jackson-datatype-jsr310\2.12.5\jackson-datatype-jsr310-2.12.5.jar;F:\MAVEN\repository\com\fasterxml\jackson\module\jackson-module-parameter-names\2.12.5\jackson-module-parameter-names-2.12.5.jar;F:\MAVEN\repository\org\springframework\boot\spring-boot-starter-tomcat\2.5.5\spring-boot-starter-tomcat-2.5.5.jar;F:\MAVEN\repository\org\apache\tomcat\embed\tomcat-embed-core\9.0.53\tomcat-embed-core-9.0.53.jar;F:\MAVEN\repository\org\apache\tomcat\embed\tomcat-embed-el\9.0.53\tomcat-embed-el-9.0.53.jar;F:\MAVEN\repository\org\apache\tomcat\embed\tomcat-embed-websocket\9.0.53\tomcat-embed-websocket-9.0.53.jar;F:\MAVEN\repository\org\springframework\spring-web\5.3.10\spring-web-5.3.10.jar;F:\MAVEN\repository\org\springframework\spring-beans\5.3.10\spring-beans-5.3.10.jar;F:\MAVEN\repository\org\springframework\spring-webmvc\5.3.10\spring-webmvc-5.3.10.jar;F:\MAVEN\repository\org\springframework\spring-aop\5.3.10\spring-aop-5.3.10.jar;F:\MAVEN\repository\org\springframework\spring-context\5.3.10\spring-context-5.3.10.jar;F:\MAVEN\repository\org\springframework\spring-expression\5.3.10\spring-expression-5.3.10.jar;F:\MAVEN\repository\org\projectlombok\lombok\1.18.20\lombok-1.18.20.jar;F:\MAVEN\repository\org\springframework\boot\spring-boot-starter-test\2.5.5\spring-boot-starter-test-2.5.5.jar;F:\MAVEN\repository\org\springframework\boot\spring-boot-test\2.5.5\spring-boot-test-2.5.5.jar;F:\MAVEN\repository\org\springframework\boot\spring-boot-test-autoconfigure\2.5.5\spring-boot-test-autoconfigure-2.5.5.jar;F:\MAVEN\repository\com\jayway\jsonpath\json-path\2.5.0\json-path-2.5.0.jar;F:\MAVEN\repository\net\minidev\json-smart\2.4.7\json-smart-2.4.7.jar;F:\MAVEN\repository\net\minidev\accessors-smart\2.4.7\accessors-smart-2.4.7.jar;F:\MAVEN\repository\org\ow2\asm\asm\9.1\asm-9.1.jar;F:\MAVEN\repository\org\slf4j\slf4j-api\1.7.32\slf4j-api-1.7.32.jar;F:\MAVEN\repository\jakarta\xml\bind\jakarta.xml.bind-api\2.3.3\jakarta.xml.bind-api-2.3.3.jar;F:\MAVEN\repository\jakarta\activation\jakarta.activation-api\1.2.2\jakarta.activation-api-1.2.2.jar;F:\MAVEN\repository\org\assertj\assertj-core\3.19.0\assertj-core-3.19.0.jar;F:\MAVEN\repository\org\hamcrest\hamcrest\2.2\hamcrest-2.2.jar;F:\MAVEN\repository\org\junit\jupiter\junit-jupiter\5.7.2\junit-jupiter-5.7.2.jar;F:\MAVEN\repository\org\junit\jupiter\junit-jupiter-api\5.7.2\junit-jupiter-api-5.7.2.jar;F:\MAVEN\repository\org\apiguardian\apiguardian-api\1.1.0\apiguardian-api-1.1.0.jar;F:\MAVEN\repository\org\opentest4j\opentest4j\1.2.0\opentest4j-1.2.0.jar;F:\MAVEN\repository\org\junit\platform\junit-platform-commons\1.7.2\junit-platform-commons-1.7.2.jar;F:\MAVEN\repository\org\junit\jupiter\junit-jupiter-params\5.7.2\junit-jupiter-params-5.7.2.jar;F:\MAVEN\repository\org\junit\jupiter\junit-jupiter-engine\5.7.2\junit-jupiter-engine-5.7.2.jar;F:\MAVEN\repository\org\junit\platform\junit-platform-engine\1.7.2\junit-platform-engine-1.7.2.jar;F:\MAVEN\repository\org\mockito\mockito-core\3.9.0\mockito-core-3.9.0.jar;F:\MAVEN\repository\net\bytebuddy\byte-buddy\1.10.22\byte-buddy-1.10.22.jar;F:\MAVEN\repository\net\bytebuddy\byte-buddy-agent\1.10.22\byte-buddy-agent-1.10.22.jar;F:\MAVEN\repository\org\objenesis\objenesis\3.2\objenesis-3.2.jar;F:\MAVEN\repository\org\mockito\mockito-junit-jupiter\3.9.0\mockito-junit-jupiter-3.9.0.jar;F:\MAVEN\repository\org\skyscreamer\jsonassert\1.5.0\jsonassert-1.5.0.jar;F:\MAVEN\repository\com\vaadin\external\google\android-json\0.0.20131108.vaadin1\android-json-0.0.20131108.vaadin1.jar;F:\MAVEN\repository\org\springframework\spring-core\5.3.10\spring-core-5.3.10.jar;F:\MAVEN\repository\org\springframework\spring-jcl\5.3.10\spring-jcl-5.3.10.jar;F:\MAVEN\repository\org\springframework\spring-test\5.3.10\spring-test-5.3.10.jar;F:\MAVEN\repository\org\xmlunit\xmlunit-core\2.8.2\xmlunit-core-2.8.2.jar;"/>
    <property name="sun.cpu.endian" value="little"/>
    <property name="user.home" value="C:\Users\wyf35"/>
    <property name="user.language" value="zh"/>
    <property name="java.specification.vendor" value="Oracle Corporation"/>
    <property name="java.home" value="D:\JDK\jre"/>
    <property name="basedir" value="F:\Workspace\demo"/>
    <property name="file.separator" value="\"/>
    <property name="line.separator" value="&#10;"/>
    <property name="java.vm.specification.vendor" value="Oracle Corporation"/>
    <property name="java.specification.name" value="Java Platform API Specification"/>
    <property name="java.awt.graphicsenv" value="sun.awt.Win32GraphicsEnvironment"/>
    <property name="surefire.real.class.path" value="C:\Users\wyf35\AppData\Local\Temp\surefire5513886688339693018\surefirebooter9188853154274630218.jar"/>
    <property name="sun.boot.class.path" value="D:\JDK\jre\lib\resources.jar;D:\JDK\jre\lib\rt.jar;D:\JDK\jre\lib\sunrsasign.jar;D:\JDK\jre\lib\jsse.jar;D:\JDK\jre\lib\jce.jar;D:\JDK\jre\lib\charsets.jar;D:\JDK\jre\lib\jfr.jar;D:\JDK\jre\classes"/>
    <property name="user.script" value=""/>
    <property name="sun.management.compiler" value="HotSpot 64-Bit Tiered Compilers"/>
    <property name="java.runtime.version" value="1.8.0_301-b09"/>
    <property name="user.name" value="wyf35"/>
    <property name="path.separator" value=";"/>
    <property name="os.version" value="10.0"/>
    <property name="java.endorsed.dirs" value="D:\JDK\jre\lib\endorsed"/>
    <property name="java.runtime.name" value="Java(TM) SE Runtime Environment"/>
    <property name="file.encoding" value="GBK"/>
    <property name="java.vm.name" value="Java HotSpot(TM) 64-Bit Server VM"/>
    <property name="localRepository" value="F:\MAVEN\repository"/>
    <property name="java.vendor.url.bug" value="http://bugreport.sun.com/bugreport/"/>
    <property name="java.io.tmpdir" value="C:\Users\wyf35\AppData\Local\Temp\"/>
    <property name="idea.version" value="2021.2.2"/>
    <property name="java.version" value="1.8.0_301"/>
    <property name="user.dir" value="F:\Workspace\demo"/>
    <property name="os.arch" value="amd64"/>
    <property name="java.vm.specification.name" value="Java Virtual Machine Specification"/>
    <property name="java.awt.printerjob" value="sun.awt.windows.WPrinterJob"/>
    <property name="sun.os.patch.level" value=""/>
    <property name="java.library.path" value="D:\JDK\jre\bin;C:\Windows\Sun\Java\bin;C:\Windows\system32;C:\Windows;C:\Program Files (x86)\Common Files\Oracle\Java\javapath;D:\anaconda;D:\anaconda\Library\mingw-w64\bin;D:\anaconda\Library\usr\bin;D:\anaconda\Library\bin;D:\anaconda\Scripts;C:\Windows\system32;C:\Windows;C:\Windows\System32\Wbem;C:\Windows\System32\WindowsPowerShell\v1.0\;C:\Windows\System32\OpenSSH\;D:\Git\cmd;D:\cmder\bin;D:\node\;C:\ProgramData\chocolatey\bin;D:\JDK\bin;F:\MAVEN\bin;C:\Users\wyf35\AppData\Local\Microsoft\WindowsApps;;D:\Microsoft VS Code\bin;C:\Users\wyf35\AppData\Roaming\npm;D:\IntelliJ IDEA 2021.2.2\bin;;."/>
    <property name="java.vm.info" value="mixed mode"/>
    <property name="java.vendor" value="Oracle Corporation"/>
    <property name="java.vm.version" value="25.301-b09"/>
    <property name="java.ext.dirs" value="D:\JDK\jre\lib\ext;C:\Windows\Sun\Java\lib\ext"/>
    <property name="sun.io.unicode.encoding" value="UnicodeLittle"/>
    <property name="java.class.version" value="52.0"/>
  </properties>
  <testcase name="contextLoads" classname="com.example.demo.DemoApplicationTests" time="0.111"/>
</testsuite>